<?xml version="1.0" encoding="UTF-8"?>
<!-- Generated by org.testng.reporters.JUnitXMLReporter -->
<testsuite hostname="Sam-PC" ignored="0" name="Default test" tests="5" failures="0" timestamp="16 Feb 2019 06:18:08 GMT" time="17.191" errors="0">
  <testcase name="checkTitle" time="0.026" classname="com.jbk.LoginTestTest"/>
  <testcase name="invalidEmailError" time="1.646" classname="com.jbk.LoginTestTest"/>
  <testcase name="invalidPasswordError" time="0.509" classname="com.jbk.LoginTestTest"/>
  <testcase name="blankEmaiPasswordError" time="0.267" classname="com.jbk.LoginTestTest"/>
  <testcase name="Dashboard" time="1.694" classname="com.jbk.LoginTestTest"/>
</testsuite> <!-- Default test -->
