<?xml version="1.0" encoding="UTF-8"?>
<!-- Generated by org.testng.reporters.JUnitXMLReporter -->
<testsuite hostname="Sam-PC" ignored="0" name="Test" tests="6" failures="0" timestamp="16 Feb 2019 06:31:30 GMT" time="14.845" errors="0">
  <testcase name="checkTitle" time="0.046" classname="com.jbk.LoginTestTest"/>
  <testcase name="invalidEmailError" time="1.441" classname="com.jbk.LoginTestTest"/>
  <testcase name="invalidPasswordError" time="0.272" classname="com.jbk.LoginTestTest"/>
  <testcase name="blankEmaiPasswordError" time="0.243" classname="com.jbk.LoginTestTest"/>
  <testcase name="Dashboard" time="1.416" classname="com.jbk.LoginTestTest"/>
  <testcase name="users" time="0.65" classname="com.jbk.Users"/>
</testsuite> <!-- Test -->
